2018-09-26 18:07:49,715 - ERROR - 7688 - url为： https://www.kujiale.com/huxing/shenzhen-中环花园三期抓取失败
2018-09-26 18:41:34,136 - ERROR - 7688 - url为： http://www.kujiale.com/huxing/shenzhen抓取失败
2018-09-26 18:49:10,714 - ERROR - 7688 - url为： http://www.kujiale.com/huxing/shenzhen/14抓取失败
2018-09-27 10:29:33,945 - ERROR - 13388 - url为： http://www.kujiale.com/huxing/yulin/14抓取失败
2018-09-27 10:39:02,914 - ERROR - 13388 - url为： https://www.kujiale.com/huxing/yulin-光大东方一品?kpm=9V8.ZQA.88db05d.1538015871296抓取失败
2018-09-27 10:39:02,994 - ERROR - 13388 - url为： https://www.kujiale.com/huxing/yulin-光大东方一品?kpm=9V8.ZQA.88db05d.1538015871296抓取失败
2018-09-27 10:40:35,727 - ERROR - 13388 - url为： https://www.kujiale.com/huxing/yulin-光大东方一品?kpm=9V8.ZQA.88db05d.1538015871296抓取失败
2018-09-27 10:45:26,047 - ERROR - 13388 - url为： https://www.kujiale.com/huxing/yulin-光大东方一品?kpm=9V8.ZQA.88db05d.1538015871296抓取失败
2018-09-27 10:45:26,047 - ERROR - 13388 - url为： https://www.kujiale.com/huxing/yulin-光大东方一品?kpm=9V8.ZQA.88db05d.1538015871296抓取失败
2018-09-27 10:46:36,913 - ERROR - 13388 - url为： https://www.kujiale.com/huxing/yulin-%E5%B9%BF%E5%88%A9%E9%83%BD%E5%B8%82%E7%BB%BF%E6%B4%B2?kpm=9V8.ZQA.18884ec.1538016355766抓取失败
2018-09-27 10:46:36,913 - ERROR - 13388 - url为： https://www.kujiale.com/huxing/yulin-%E5%B9%BF%E5%88%A9%E9%83%BD%E5%B8%82%E7%BB%BF%E6%B4%B2?kpm=9V8.ZQA.18884ec.1538016355766抓取失败
2018-09-27 11:08:04,641 - ERROR - 13388 - url为： https://www.kujiale.com/huxing/yulin-%E5%B9%BF%E5%88%A9%E9%83%BD%E5%B8%82%E7%BB%BF%E6%B4%B2?kpm=9V8.ZQA.18884ec.1538016355766抓取失败
2018-09-27 11:19:17,196 - ERROR - 13388 - url为： https://www.kujiale.com/huxing/yulin-天元国际尚城抓取失败
2018-09-27 11:19:17,580 - ERROR - 13388 - url为： https://www.kujiale.com/huxing/yulin-　御景花园抓取失败
2018-09-27 11:19:18,999 - ERROR - 13388 - url为： https://www.kujiale.com/huxing/yulin-光大东方一品抓取失败
2018-09-27 11:19:19,006 - ERROR - 13388 - url为： https://www.kujiale.com/huxing/yulin-光大东方一品抓取失败
2018-09-27 11:19:20,252 - ERROR - 13388 - url为： https://www.kujiale.com/huxing/yulin-广利都市绿洲抓取失败
2018-09-27 11:19:21,952 - ERROR - 13388 - url为： https://www.kujiale.com/huxing/yulin-万昌东方巴黎水岸抓取失败
2018-09-27 11:19:22,667 - ERROR - 13388 - url为： https://www.kujiale.com/huxing/yulin-聚锦花园抓取失败
2018-09-27 11:19:22,674 - ERROR - 13388 - url为： https://www.kujiale.com/huxing/yulin-聚锦花园抓取失败
2018-09-27 11:19:23,128 - ERROR - 13388 - url为： https://www.kujiale.com/huxing/yulin-工业品电器城抓取失败
2018-09-27 11:19:24,697 - ERROR - 13388 - url为： https://www.kujiale.com/huxing/yulin-中鼎公园假日抓取失败
2018-09-27 11:19:25,203 - ERROR - 13388 - url为： https://www.kujiale.com/huxing/yulin-银丰世纪公馆抓取失败
2018-09-27 11:19:25,745 - ERROR - 13388 - url为： https://www.kujiale.com/huxing/yulin-南兴盛世豪庭抓取失败
2018-09-27 11:19:25,751 - ERROR - 13388 - url为： https://www.kujiale.com/huxing/yulin-南兴盛世豪庭抓取失败
2018-09-27 11:19:27,851 - ERROR - 13388 - url为： https://www.kujiale.com/huxing/yulin-江南华庭抓取失败
2018-09-27 11:19:29,362 - ERROR - 13388 - url为： https://www.kujiale.com/huxing/yulin-恒基万象城抓取失败
2018-09-27 11:19:29,830 - ERROR - 13388 - url为： https://www.kujiale.com/huxing/yulin-奥美雅居抓取失败
2018-09-27 11:19:29,837 - ERROR - 13388 - url为： https://www.kujiale.com/huxing/yulin-奥美雅居抓取失败
2018-09-27 11:32:52,495 - ERROR - 13388 - url为： https://www.kujiale.com/huxing/yulin-天元国际尚城抓取失败
2018-09-27 11:32:53,068 - ERROR - 13388 - url为： https://www.kujiale.com/huxing/yulin-　御景花园抓取失败
2018-09-27 11:32:54,925 - ERROR - 13388 - url为： https://www.kujiale.com/huxing/yulin-光大东方一品抓取失败
2018-09-27 11:32:54,932 - ERROR - 13388 - url为： https://www.kujiale.com/huxing/yulin-光大东方一品抓取失败
2018-09-27 11:32:56,261 - ERROR - 13388 - url为： https://www.kujiale.com/huxing/yulin-广利都市绿洲抓取失败
2018-09-27 11:32:57,730 - ERROR - 13388 - url为： https://www.kujiale.com/huxing/yulin-万昌东方巴黎水岸抓取失败
2018-09-27 11:32:58,253 - ERROR - 13388 - url为： https://www.kujiale.com/huxing/yulin-聚锦花园抓取失败
2018-09-27 11:32:58,260 - ERROR - 13388 - url为： https://www.kujiale.com/huxing/yulin-聚锦花园抓取失败
2018-09-27 11:32:58,480 - ERROR - 13388 - url为： https://www.kujiale.com/huxing/yulin-工业品电器城抓取失败
2018-09-27 11:32:59,906 - ERROR - 13388 - url为： https://www.kujiale.com/huxing/yulin-中鼎公园假日抓取失败
2018-09-27 11:33:00,390 - ERROR - 13388 - url为： https://www.kujiale.com/huxing/yulin-银丰世纪公馆抓取失败
2018-09-27 11:33:01,061 - ERROR - 13388 - url为： https://www.kujiale.com/huxing/yulin-南兴盛世豪庭抓取失败
2018-09-27 11:33:01,069 - ERROR - 13388 - url为： https://www.kujiale.com/huxing/yulin-南兴盛世豪庭抓取失败
2018-09-27 11:33:03,569 - ERROR - 13388 - url为： https://www.kujiale.com/huxing/yulin-江南华庭抓取失败
2018-09-27 11:33:05,400 - ERROR - 13388 - url为： https://www.kujiale.com/huxing/yulin-恒基万象城抓取失败
2018-09-27 11:33:05,924 - ERROR - 13388 - url为： https://www.kujiale.com/huxing/yulin-奥美雅居抓取失败
2018-09-27 11:33:05,931 - ERROR - 13388 - url为： https://www.kujiale.com/huxing/yulin-奥美雅居抓取失败
2018-09-27 13:58:39,832 - ERROR - 13388 - url为： https://www.kujiale.com/huxing/yulin-天元国际尚城抓取失败
2018-09-27 13:58:40,362 - ERROR - 13388 - url为： https://www.kujiale.com/huxing/yulin-　御景花园抓取失败
2018-09-27 13:58:42,825 - ERROR - 13388 - url为： https://www.kujiale.com/huxing/yulin-光大东方一品抓取失败
2018-09-27 13:58:42,835 - ERROR - 13388 - url为： https://www.kujiale.com/huxing/yulin-光大东方一品抓取失败
2018-09-27 13:58:44,804 - ERROR - 13388 - url为： https://www.kujiale.com/huxing/yulin-广利都市绿洲抓取失败
2018-09-27 13:58:46,406 - ERROR - 13388 - url为： https://www.kujiale.com/huxing/yulin-万昌东方巴黎水岸抓取失败
2018-09-27 13:58:48,805 - ERROR - 13388 - url为： https://www.kujiale.com/huxing/yulin-工业品电器城抓取失败
2018-09-27 13:58:49,477 - ERROR - 13388 - url为： https://www.kujiale.com/huxing/yulin-聚锦花园抓取失败
2018-09-27 13:58:49,486 - ERROR - 13388 - url为： https://www.kujiale.com/huxing/yulin-聚锦花园抓取失败
2018-09-27 13:58:49,731 - ERROR - 13388 - url为： https://www.kujiale.com/huxing/yulin-中鼎公园假日抓取失败
2018-09-27 13:58:50,624 - ERROR - 13388 - url为： https://www.kujiale.com/huxing/yulin-银丰世纪公馆抓取失败
2018-09-27 13:58:51,876 - ERROR - 13388 - url为： https://www.kujiale.com/huxing/yulin-南兴盛世豪庭抓取失败
2018-09-27 13:58:51,884 - ERROR - 13388 - url为： https://www.kujiale.com/huxing/yulin-南兴盛世豪庭抓取失败
2018-09-27 13:58:56,660 - ERROR - 13388 - url为： https://www.kujiale.com/huxing/yulin-江南华庭抓取失败
2018-09-27 13:58:58,697 - ERROR - 13388 - url为： https://www.kujiale.com/huxing/yulin-恒基万象城抓取失败
2018-09-27 13:58:59,075 - ERROR - 13388 - url为： https://www.kujiale.com/huxing/yulin-奥美雅居抓取失败
2018-09-27 13:58:59,082 - ERROR - 13388 - url为： https://www.kujiale.com/huxing/yulin-奥美雅居抓取失败
